This file contains any messages produced by compilers while
running configure, to aid debugging if configure makes a mistake.

It was created by HarfBuzz configure 2.4.0, which was
generated by GNU Autoconf 2.69.  Invocation command line was

  $ ./configure 

## --------- ##
## Platform. ##
## --------- ##

hostname = NB-740
uname -m = x86_64
uname -r = 4.4.0-145-generic
uname -s = Linux
uname -v = #171-Ubuntu SMP Tue Mar 26 12:43:40 UTC 2019

/usr/bin/uname -p = unknown
/bin/uname -X     = unknown

/bin/arch              = unknown
/usr/bin/arch -k       = unknown
/usr/convex/getsysinfo = unknown
/usr/bin/hostinfo      = unknown
/bin/machine           = unknown
/usr/bin/oslevel       = unknown
/bin/universe          = unknown

PATH: /home/ladmin/depot_tools
PATH: /home/ladmin/bin
PATH: /home/ladmin/.local/bin
PATH: /usr/local/sbin
PATH: /usr/local/bin
PATH: /usr/sbin
PATH: /usr/bin
PATH: /sbin
PATH: /bin
PATH: /usr/games
PATH: /usr/local/games
PATH: /snap/bin
PATH: /home/ladmin/.dotnet/tools


## ----------- ##
## Core tests. ##
## ----------- ##

configure:2974: checking for a BSD-compatible install
configure:3042: result: /usr/bin/install -c
configure:3053: checking whether build environment is sane
configure:3108: result: yes
configure:3259: checking for a thread-safe mkdir -p
configure:3298: result: /bin/mkdir -p
configure:3305: checking for gawk
configure:3321: found /usr/bin/gawk
configure:3332: result: gawk
configure:3343: checking whether make sets $(MAKE)
configure:3365: result: yes
configure:3394: checking whether make supports nested variables
configure:3411: result: yes
configure:3491: checking whether UID '1000' is supported by ustar format
configure:3494: result: yes
configure:3501: checking whether GID '1000' is supported by ustar format
configure:3504: result: yes
configure:3512: checking how to create a ustar tar archive
configure:3523: tar --version
tar (GNU tar) 1.28
Copyright (C) 2014 Free Software Foundation, Inc.
License GPLv3+: GNU GPL version 3 or later <http://gnu.org/licenses/gpl.html>.
This is free software: you are free to change and redistribute it.
There is NO WARRANTY, to the extent permitted by law.

Written by John Gilmore and Jay Fenlason.
configure:3526: $? = 0
configure:3566: tardir=conftest.dir && eval tar --format=ustar -chf - "$tardir" >conftest.tar
configure:3569: $? = 0
configure:3573: tar -xf - <conftest.tar
configure:3576: $? = 0
configure:3578: cat conftest.dir/file
GrepMe
configure:3581: $? = 0
configure:3594: result: gnutar
configure:3655: checking whether make supports nested variables
configure:3672: result: yes
configure:3683: checking for a sed that does not truncate output
configure:3747: result: /bin/sed
configure:3765: checking whether to build with code coverage support
configure:3785: result: no
configure:4136: checking for style of include used by make
configure:4164: result: GNU
configure:4235: checking for gcc
configure:4251: found /usr/bin/gcc
configure:4262: result: gcc
configure:4491: checking for C compiler version
configure:4500: gcc --version >&5
gcc (Ubuntu 7.3.0-21ubuntu1~16.04) 7.3.0
Copyright (C) 2017 Free Software Foundation, Inc.
This is free software; see the source for copying conditions.  There is NO
warranty; not even for MERCHANTABILITY or FITNESS FOR A PARTICULAR PURPOSE.

configure:4511: $? = 0
configure:4500: gcc -v >&5
Using built-in specs.
COLLECT_GCC=gcc
COLLECT_LTO_WRAPPER=/usr/lib/gcc/x86_64-linux-gnu/7/lto-wrapper
OFFLOAD_TARGET_NAMES=nvptx-none
OFFLOAD_TARGET_DEFAULT=1
Target: x86_64-linux-gnu
Configured with: ../src/configure -v --with-pkgversion='Ubuntu 7.3.0-21ubuntu1~16.04' --with-bugurl=file:///usr/share/doc/gcc-7/README.Bugs --enable-languages=c,ada,c++,go,brig,d,fortran,objc,obj-c++ --prefix=/usr --with-gcc-major-version-only --program-suffix=-7 --program-prefix=x86_64-linux-gnu- --enable-shared --enable-linker-build-id --libexecdir=/usr/lib --without-included-gettext --enable-threads=posix --libdir=/usr/lib --enable-nls --with-sysroot=/ --enable-clocale=gnu --enable-libstdcxx-debug --enable-libstdcxx-time=yes --with-default-libstdcxx-abi=new --enable-gnu-unique-object --disable-vtable-verify --enable-libmpx --enable-plugin --with-system-zlib --with-target-system-zlib --enable-objc-gc=auto --enable-multiarch --disable-werror --with-arch-32=i686 --with-abi=m64 --with-multilib-list=m32,m64,mx32 --enable-multilib --with-tune=generic --enable-offload-targets=nvptx-none --without-cuda-driver --enable-checking=release --build=x86_64-linux-gnu --host=x86_64-linux-gnu --target=x86_64-linux-gnu
Thread model: posix
gcc version 7.3.0 (Ubuntu 7.3.0-21ubuntu1~16.04) 
configure:4511: $? = 0
configure:4500: gcc -V >&5
gcc: error: unrecognized command line option '-V'
gcc: fatal error: no input files
compilation terminated.
configure:4511: $? = 1
configure:4500: gcc -qversion >&5
gcc: error: unrecognized command line option '-qversion'; did you mean '--version'?
gcc: fatal error: no input files
compilation terminated.
configure:4511: $? = 1
configure:4531: checking whether the C compiler works
configure:4553: gcc    conftest.c  >&5
configure:4557: $? = 0
configure:4605: result: yes
configure:4608: checking for C compiler default output file name
configure:4610: result: a.out
configure:4616: checking for suffix of executables
configure:4623: gcc -o conftest    conftest.c  >&5
configure:4627: $? = 0
configure:4649: result: 
configure:4671: checking whether we are cross compiling
configure:4679: gcc -o conftest    conftest.c  >&5
configure:4683: $? = 0
configure:4690: ./conftest
configure:4694: $? = 0
configure:4709: result: no
configure:4714: checking for suffix of object files
configure:4736: gcc -c   conftest.c >&5
configure:4740: $? = 0
configure:4761: result: o
configure:4765: checking whether we are using the GNU C compiler
configure:4784: gcc -c   conftest.c >&5
configure:4784: $? = 0
configure:4793: result: yes
configure:4802: checking whether gcc accepts -g
configure:4822: gcc -c -g  conftest.c >&5
configure:4822: $? = 0
configure:4863: result: yes
configure:4880: checking for gcc option to accept ISO C89
configure:4943: gcc  -c -g -O2  conftest.c >&5
configure:4943: $? = 0
configure:4956: result: none needed
configure:4981: checking whether gcc understands -c and -o together
configure:5003: gcc -c conftest.c -o conftest2.o
configure:5006: $? = 0
configure:5003: gcc -c conftest.c -o conftest2.o
configure:5006: $? = 0
configure:5018: result: yes
configure:5037: checking dependency style of gcc
configure:5148: result: gcc3
configure:5213: checking for ar
configure:5229: found /usr/bin/ar
configure:5240: result: ar
configure:5266: checking the archiver (ar) interface
configure:5282: gcc -c -g -O2  conftest.c >&5
configure:5282: $? = 0
configure:5284: ar cru libconftest.a conftest.o >&5
ar: `u' modifier ignored since `D' is the default (see `U')
configure:5287: $? = 0
configure:5315: result: ar
configure:5365: checking build system type
configure:5379: result: x86_64-pc-linux-gnu
configure:5399: checking host system type
configure:5412: result: x86_64-pc-linux-gnu
configure:5453: checking how to print strings
configure:5480: result: printf
configure:5501: checking for a sed that does not truncate output
configure:5565: result: /bin/sed
configure:5583: checking for grep that handles long lines and -e
configure:5641: result: /bin/grep
configure:5646: checking for egrep
configure:5708: result: /bin/grep -E
configure:5713: checking for fgrep
configure:5775: result: /bin/grep -F
configure:5810: checking for ld used by gcc
configure:5877: result: /usr/bin/ld
configure:5884: checking if the linker (/usr/bin/ld) is GNU ld
configure:5899: result: yes
configure:5911: checking for BSD- or MS-compatible name lister (nm)
configure:5965: result: /usr/bin/nm -B
configure:6095: checking the name lister (/usr/bin/nm -B) interface
configure:6102: gcc -c -g -O2  conftest.c >&5
configure:6105: /usr/bin/nm -B "conftest.o"
configure:6108: output
0000000000000000 B some_variable
configure:6115: result: BSD nm
configure:6118: checking whether ln -s works
configure:6122: result: yes
configure:6130: checking the maximum length of command line arguments
configure:6261: result: 1572864
configure:6309: checking how to convert x86_64-pc-linux-gnu file names to x86_64-pc-linux-gnu format
configure:6349: result: func_convert_file_noop
configure:6356: checking how to convert x86_64-pc-linux-gnu file names to toolchain format
configure:6376: result: func_convert_file_noop
configure:6383: checking for /usr/bin/ld option to reload object files
configure:6390: result: -r
configure:6464: checking for objdump
configure:6480: found /usr/bin/objdump
configure:6491: result: objdump
configure:6523: checking how to recognize dependent libraries
configure:6723: result: pass_all
configure:6808: checking for dlltool
configure:6838: result: no
configure:6868: checking how to associate runtime and link libraries
configure:6895: result: printf %s\n
configure:7019: checking for archiver @FILE support
configure:7036: gcc -c -g -O2  conftest.c >&5
configure:7036: $? = 0
configure:7039: ar cru libconftest.a @conftest.lst >&5
ar: `u' modifier ignored since `D' is the default (see `U')
configure:7042: $? = 0
configure:7047: ar cru libconftest.a @conftest.lst >&5
ar: `u' modifier ignored since `D' is the default (see `U')
ar: conftest.o: No such file or directory
configure:7050: $? = 1
configure:7062: result: @
configure:7120: checking for strip
configure:7136: found /usr/bin/strip
configure:7147: result: strip
configure:7219: checking for ranlib
configure:7235: found /usr/bin/ranlib
configure:7246: result: ranlib
configure:7348: checking command to parse /usr/bin/nm -B output from gcc object
configure:7501: gcc -c -g -O2  conftest.c >&5
configure:7504: $? = 0
configure:7508: /usr/bin/nm -B conftest.o \| sed -n -e 's/^.*[ ]\([ABCDGIRSTW][ABCDGIRSTW]*\)[ ][ ]*\([_A-Za-z][_A-Za-z0-9]*\)$/\1 \2 \2/p' | sed '/ __gnu_lto/d' \> conftest.nm
configure:7511: $? = 0
configure:7577: gcc -o conftest -g -O2   conftest.c conftstm.o >&5
configure:7580: $? = 0
configure:7618: result: ok
configure:7665: checking for sysroot
configure:7695: result: no
configure:7702: checking for a working dd
configure:7740: result: /bin/dd
configure:7744: checking how to truncate binary pipes
configure:7759: result: /bin/dd bs=4096 count=1
configure:7895: gcc -c -g -O2  conftest.c >&5
configure:7898: $? = 0
configure:8088: checking for mt
configure:8104: found /bin/mt
configure:8115: result: mt
configure:8138: checking if mt is a manifest tool
configure:8144: mt '-?'
configure:8152: result: no
configure:8829: checking how to run the C preprocessor
configure:8860: gcc -E  conftest.c
configure:8860: $? = 0
configure:8874: gcc -E  conftest.c
conftest.c:9:10: fatal error: ac_nonexistent.h: No such file or directory
 #include <ac_nonexistent.h>
          ^~~~~~~~~~~~~~~~~~
compilation terminated.
configure:8874: $? = 1
configure: failed program was:
| /* confdefs.h */
| #define PACKAGE_NAME "HarfBuzz"
| #define PACKAGE_TARNAME "harfbuzz"
| #define PACKAGE_VERSION "2.4.0"
| #define PACKAGE_STRING "HarfBuzz 2.4.0"
| #define PACKAGE_BUGREPORT "https://github.com/harfbuzz/harfbuzz/issues/new"
| #define PACKAGE_URL "http://harfbuzz.org/"
| /* end confdefs.h.  */
| #include <ac_nonexistent.h>
configure:8899: result: gcc -E
configure:8919: gcc -E  conftest.c
configure:8919: $? = 0
configure:8933: gcc -E  conftest.c
conftest.c:9:10: fatal error: ac_nonexistent.h: No such file or directory
 #include <ac_nonexistent.h>
          ^~~~~~~~~~~~~~~~~~
compilation terminated.
configure:8933: $? = 1
configure: failed program was:
| /* confdefs.h */
| #define PACKAGE_NAME "HarfBuzz"
| #define PACKAGE_TARNAME "harfbuzz"
| #define PACKAGE_VERSION "2.4.0"
| #define PACKAGE_STRING "HarfBuzz 2.4.0"
| #define PACKAGE_BUGREPORT "https://github.com/harfbuzz/harfbuzz/issues/new"
| #define PACKAGE_URL "http://harfbuzz.org/"
| /* end confdefs.h.  */
| #include <ac_nonexistent.h>
configure:8962: checking for ANSI C header files
configure:8982: gcc -c -g -O2  conftest.c >&5
configure:8982: $? = 0
configure:9055: gcc -o conftest -g -O2   conftest.c  >&5
configure:9055: $? = 0
configure:9055: ./conftest
configure:9055: $? = 0
configure:9066: result: yes
configure:9079: checking for sys/types.h
configure:9079: gcc -c -g -O2  conftest.c >&5
configure:9079: $? = 0
configure:9079: result: yes
configure:9079: checking for sys/stat.h
configure:9079: gcc -c -g -O2  conftest.c >&5
configure:9079: $? = 0
configure:9079: result: yes
configure:9079: checking for stdlib.h
configure:9079: gcc -c -g -O2  conftest.c >&5
configure:9079: $? = 0
configure:9079: result: yes
configure:9079: checking for string.h
configure:9079: gcc -c -g -O2  conftest.c >&5
configure:9079: $? = 0
configure:9079: result: yes
configure:9079: checking for memory.h
configure:9079: gcc -c -g -O2  conftest.c >&5
configure:9079: $? = 0
configure:9079: result: yes
configure:9079: checking for strings.h
configure:9079: gcc -c -g -O2  conftest.c >&5
configure:9079: $? = 0
configure:9079: result: yes
configure:9079: checking for inttypes.h
configure:9079: gcc -c -g -O2  conftest.c >&5
configure:9079: $? = 0
configure:9079: result: yes
configure:9079: checking for stdint.h
configure:9079: gcc -c -g -O2  conftest.c >&5
configure:9079: $? = 0
configure:9079: result: yes
configure:9079: checking for unistd.h
configure:9079: gcc -c -g -O2  conftest.c >&5
configure:9079: $? = 0
configure:9079: result: yes
configure:9093: checking for dlfcn.h
configure:9093: gcc -c -g -O2  conftest.c >&5
configure:9093: $? = 0
configure:9093: result: yes
configure:9348: checking for objdir
configure:9363: result: .libs
configure:9627: checking if gcc supports -fno-rtti -fno-exceptions
configure:9645: gcc -c -g -O2  -fno-rtti -fno-exceptions conftest.c >&5
cc1: warning: command line option '-fno-rtti' is valid for C++/ObjC++ but not for C
configure:9649: $? = 0
configure:9662: result: no
configure:10020: checking for gcc option to produce PIC
configure:10027: result: -fPIC -DPIC
configure:10035: checking if gcc PIC flag -fPIC -DPIC works
configure:10053: gcc -c -g -O2  -fPIC -DPIC -DPIC conftest.c >&5
configure:10057: $? = 0
configure:10070: result: yes
configure:10099: checking if gcc static flag -static works
configure:10127: result: yes
configure:10142: checking if gcc supports -c -o file.o
configure:10163: gcc -c -g -O2  -o out/conftest2.o conftest.c >&5
configure:10167: $? = 0
configure:10189: result: yes
configure:10197: checking if gcc supports -c -o file.o
configure:10244: result: yes
configure:10277: checking whether the gcc linker (/usr/bin/ld -m elf_x86_64) supports shared libraries
configure:11540: result: yes
configure:11577: checking whether -lc should be explicitly linked in
configure:11585: gcc -c -g -O2  conftest.c >&5
configure:11588: $? = 0
configure:11603: gcc -shared  -fPIC -DPIC conftest.o  -v -Wl,-soname -Wl,conftest -o conftest 2\>\&1 \| /bin/grep  -lc  \>/dev/null 2\>\&1
configure:11606: $? = 0
configure:11620: result: no
configure:11780: checking dynamic linker characteristics
configure:12361: gcc -o conftest -g -O2   -Wl,-rpath -Wl,/foo conftest.c  >&5
configure:12361: $? = 0
configure:12610: result: GNU/Linux ld.so
configure:12732: checking how to hardcode library paths into programs
configure:12757: result: immediate
configure:13305: checking whether stripping libraries is possible
configure:13310: result: yes
configure:13345: checking if libtool supports shared libraries
configure:13347: result: yes
configure:13350: checking whether to build shared libraries
configure:13375: result: yes
configure:13378: checking whether to build static libraries
configure:13382: result: no
configure:13469: checking for gcc
configure:13496: result: gcc
configure:13725: checking for C compiler version
configure:13734: gcc --version >&5
gcc (Ubuntu 7.3.0-21ubuntu1~16.04) 7.3.0
Copyright (C) 2017 Free Software Foundation, Inc.
This is free software; see the source for copying conditions.  There is NO
warranty; not even for MERCHANTABILITY or FITNESS FOR A PARTICULAR PURPOSE.

configure:13745: $? = 0
configure:13734: gcc -v >&5
Using built-in specs.
COLLECT_GCC=gcc
COLLECT_LTO_WRAPPER=/usr/lib/gcc/x86_64-linux-gnu/7/lto-wrapper
OFFLOAD_TARGET_NAMES=nvptx-none
OFFLOAD_TARGET_DEFAULT=1
Target: x86_64-linux-gnu
Configured with: ../src/configure -v --with-pkgversion='Ubuntu 7.3.0-21ubuntu1~16.04' --with-bugurl=file:///usr/share/doc/gcc-7/README.Bugs --enable-languages=c,ada,c++,go,brig,d,fortran,objc,obj-c++ --prefix=/usr --with-gcc-major-version-only --program-suffix=-7 --program-prefix=x86_64-linux-gnu- --enable-shared --enable-linker-build-id --libexecdir=/usr/lib --without-included-gettext --enable-threads=posix --libdir=/usr/lib --enable-nls --with-sysroot=/ --enable-clocale=gnu --enable-libstdcxx-debug --enable-libstdcxx-time=yes --with-default-libstdcxx-abi=new --enable-gnu-unique-object --disable-vtable-verify --enable-libmpx --enable-plugin --with-system-zlib --with-target-system-zlib --enable-objc-gc=auto --enable-multiarch --disable-werror --with-arch-32=i686 --with-abi=m64 --with-multilib-list=m32,m64,mx32 --enable-multilib --with-tune=generic --enable-offload-targets=nvptx-none --without-cuda-driver --enable-checking=release --build=x86_64-linux-gnu --host=x86_64-linux-gnu --target=x86_64-linux-gnu
Thread model: posix
gcc version 7.3.0 (Ubuntu 7.3.0-21ubuntu1~16.04) 
configure:13745: $? = 0
configure:13734: gcc -V >&5
gcc: error: unrecognized command line option '-V'
gcc: fatal error: no input files
compilation terminated.
configure:13745: $? = 1
configure:13734: gcc -qversion >&5
gcc: error: unrecognized command line option '-qversion'; did you mean '--version'?
gcc: fatal error: no input files
compilation terminated.
configure:13745: $? = 1
configure:13749: checking whether we are using the GNU C compiler
configure:13777: result: yes
configure:13786: checking whether gcc accepts -g
configure:13847: result: yes
configure:13864: checking for gcc option to accept ISO C89
configure:13940: result: none needed
configure:13965: checking whether gcc understands -c and -o together
configure:14002: result: yes
configure:14021: checking dependency style of gcc
configure:14132: result: gcc3
configure:14147: checking for gcc option to accept ISO C99
configure:14296: gcc  -c -g -O2  conftest.c >&5
configure:14296: $? = 0
configure:14309: result: none needed
configure:14383: checking for g++
configure:14399: found /usr/bin/g++
configure:14410: result: g++
configure:14437: checking for C++ compiler version
configure:14446: g++ --version >&5
g++ (Ubuntu 6.5.0-1ubuntu1~16.04) 6.5.0 20181026
Copyright (C) 2017 Free Software Foundation, Inc.
This is free software; see the source for copying conditions.  There is NO
warranty; not even for MERCHANTABILITY or FITNESS FOR A PARTICULAR PURPOSE.

configure:14457: $? = 0
configure:14446: g++ -v >&5
Using built-in specs.
COLLECT_GCC=g++
COLLECT_LTO_WRAPPER=/usr/lib/gcc/x86_64-linux-gnu/6/lto-wrapper
Target: x86_64-linux-gnu
Configured with: ../src/configure -v --with-pkgversion='Ubuntu 6.5.0-1ubuntu1~16.04' --with-bugurl=file:///usr/share/doc/gcc-6/README.Bugs --enable-languages=c,ada,c++,java,go,d,fortran,objc,obj-c++ --prefix=/usr --with-as=/usr/bin/x86_64-linux-gnu-as --with-ld=/usr/bin/x86_64-linux-gnu-ld --program-suffix=-6 --program-prefix=x86_64-linux-gnu- --enable-shared --enable-linker-build-id --libexecdir=/usr/lib --without-included-gettext --enable-threads=posix --libdir=/usr/lib --enable-nls --with-sysroot=/ --enable-clocale=gnu --enable-libstdcxx-debug --enable-libstdcxx-time=yes --with-default-libstdcxx-abi=new --enable-gnu-unique-object --disable-vtable-verify --enable-libmpx --enable-plugin --with-system-zlib --disable-browser-plugin --enable-java-awt=gtk --enable-gtk-cairo --with-java-home=/usr/lib/jvm/java-1.5.0-gcj-6-amd64/jre --enable-java-home --with-jvm-root-dir=/usr/lib/jvm/java-1.5.0-gcj-6-amd64 --with-jvm-jar-dir=/usr/lib/jvm-exports/java-1.5.0-gcj-6-amd64 --with-arch-directory=amd64 --with-ecj-jar=/usr/share/java/eclipse-ecj.jar --with-target-system-zlib --enable-objc-gc=auto --enable-multiarch --disable-werror --with-arch-32=i686 --with-abi=m64 --with-multilib-list=m32,m64,mx32 --enable-multilib --with-tune=generic --enable-checking=release --build=x86_64-linux-gnu --host=x86_64-linux-gnu --target=x86_64-linux-gnu
Thread model: posix
gcc version 6.5.0 20181026 (Ubuntu 6.5.0-1ubuntu1~16.04) 
configure:14457: $? = 0
configure:14446: g++ -V >&5
g++: error: unrecognized command line option '-V'
g++: fatal error: no input files
compilation terminated.
configure:14457: $? = 1
configure:14446: g++ -qversion >&5
g++: error: unrecognized command line option '-qversion'; did you mean '--version'?
g++: fatal error: no input files
compilation terminated.
configure:14457: $? = 1
configure:14461: checking whether we are using the GNU C++ compiler
configure:14480: g++ -c   conftest.cpp >&5
configure:14480: $? = 0
configure:14489: result: yes
configure:14498: checking whether g++ accepts -g
configure:14518: g++ -c -g  conftest.cpp >&5
configure:14518: $? = 0
configure:14559: result: yes
configure:14584: checking dependency style of g++
configure:14695: result: gcc3
configure:14728: checking how to run the C++ preprocessor
configure:14755: g++ -E  conftest.cpp
configure:14755: $? = 0
configure:14769: g++ -E  conftest.cpp
conftest.cpp:21:28: fatal error: ac_nonexistent.h: No such file or directory
 #include <ac_nonexistent.h>
                            ^
compilation terminated.
configure:14769: $? = 1
configure: failed program was:
| /* confdefs.h */
| #define PACKAGE_NAME "HarfBuzz"
| #define PACKAGE_TARNAME "harfbuzz"
| #define PACKAGE_VERSION "2.4.0"
| #define PACKAGE_STRING "HarfBuzz 2.4.0"
| #define PACKAGE_BUGREPORT "https://github.com/harfbuzz/harfbuzz/issues/new"
| #define PACKAGE_URL "http://harfbuzz.org/"
| #define STDC_HEADERS 1
| #define HAVE_SYS_TYPES_H 1
| #define HAVE_SYS_STAT_H 1
| #define HAVE_STDLIB_H 1
| #define HAVE_STRING_H 1
| #define HAVE_MEMORY_H 1
| #define HAVE_STRINGS_H 1
| #define HAVE_INTTYPES_H 1
| #define HAVE_STDINT_H 1
| #define HAVE_UNISTD_H 1
| #define HAVE_DLFCN_H 1
| #define LT_OBJDIR ".libs/"
| /* end confdefs.h.  */
| #include <ac_nonexistent.h>
configure:14794: result: g++ -E
configure:14814: g++ -E  conftest.cpp
configure:14814: $? = 0
configure:14828: g++ -E  conftest.cpp
conftest.cpp:21:28: fatal error: ac_nonexistent.h: No such file or directory
 #include <ac_nonexistent.h>
                            ^
compilation terminated.
configure:14828: $? = 1
configure: failed program was:
| /* confdefs.h */
| #define PACKAGE_NAME "HarfBuzz"
| #define PACKAGE_TARNAME "harfbuzz"
| #define PACKAGE_VERSION "2.4.0"
| #define PACKAGE_STRING "HarfBuzz 2.4.0"
| #define PACKAGE_BUGREPORT "https://github.com/harfbuzz/harfbuzz/issues/new"
| #define PACKAGE_URL "http://harfbuzz.org/"
| #define STDC_HEADERS 1
| #define HAVE_SYS_TYPES_H 1
| #define HAVE_SYS_STAT_H 1
| #define HAVE_STDLIB_H 1
| #define HAVE_STRING_H 1
| #define HAVE_MEMORY_H 1
| #define HAVE_STRINGS_H 1
| #define HAVE_INTTYPES_H 1
| #define HAVE_STDINT_H 1
| #define HAVE_UNISTD_H 1
| #define HAVE_DLFCN_H 1
| #define LT_OBJDIR ".libs/"
| /* end confdefs.h.  */
| #include <ac_nonexistent.h>
configure:14990: checking for ld used by g++
configure:15057: result: /usr/bin/ld -m elf_x86_64
configure:15064: checking if the linker (/usr/bin/ld -m elf_x86_64) is GNU ld
configure:15079: result: yes
configure:15134: checking whether the g++ linker (/usr/bin/ld -m elf_x86_64) supports shared libraries
configure:16207: result: yes
configure:16243: g++ -c -g -O2  conftest.cpp >&5
configure:16246: $? = 0
configure:16727: checking for g++ option to produce PIC
configure:16734: result: -fPIC -DPIC
configure:16742: checking if g++ PIC flag -fPIC -DPIC works
configure:16760: g++ -c -g -O2  -fPIC -DPIC -DPIC conftest.cpp >&5
configure:16764: $? = 0
configure:16777: result: yes
configure:16800: checking if g++ static flag -static works
configure:16828: result: yes
configure:16840: checking if g++ supports -c -o file.o
configure:16861: g++ -c -g -O2  -o out/conftest2.o conftest.cpp >&5
configure:16865: $? = 0
configure:16887: result: yes
configure:16892: checking if g++ supports -c -o file.o
configure:16939: result: yes
configure:16969: checking whether the g++ linker (/usr/bin/ld -m elf_x86_64) supports shared libraries
configure:17012: result: yes
configure:17153: checking dynamic linker characteristics
configure:17910: result: GNU/Linux ld.so
configure:17975: checking how to hardcode library paths into programs
configure:18000: result: immediate
configure:18047: checking whether g++ supports C++11 features by default
configure:18341: g++ -c -g -O2  conftest.cpp >&5
configure:18341: $? = 0
configure:18348: result: yes
configure:19032: checking for special C compiler options needed for large files
configure:19077: result: no
configure:19083: checking for _FILE_OFFSET_BITS value needed for large files
configure:19108: gcc -c -g -O2  conftest.c >&5
configure:19108: $? = 0
configure:19140: result: no
configure:19279: checking for pkg-config
configure:19297: found /usr/bin/pkg-config
configure:19309: result: /usr/bin/pkg-config
configure:19334: checking pkg-config is at least version 0.20
configure:19337: result: yes
configure:19408: checking for atexit
configure:19408: gcc -o conftest -g -O2   conftest.c  >&5
configure:19408: $? = 0
configure:19408: result: yes
configure:19408: checking for mprotect
configure:19408: gcc -o conftest -g -O2   conftest.c  >&5
configure:19408: $? = 0
configure:19408: result: yes
configure:19408: checking for sysconf
configure:19408: gcc -o conftest -g -O2   conftest.c  >&5
configure:19408: $? = 0
configure:19408: result: yes
configure:19408: checking for getpagesize
configure:19408: gcc -o conftest -g -O2   conftest.c  >&5
configure:19408: $? = 0
configure:19408: result: yes
configure:19408: checking for mmap
configure:19408: gcc -o conftest -g -O2   conftest.c  >&5
configure:19408: $? = 0
configure:19408: result: yes
configure:19408: checking for isatty
configure:19408: gcc -o conftest -g -O2   conftest.c  >&5
configure:19408: $? = 0
configure:19408: result: yes
configure:19408: checking for newlocale
configure:19408: gcc -o conftest -g -O2   conftest.c  >&5
configure:19408: $? = 0
configure:19408: result: yes
configure:19408: checking for strtod_l
configure:19408: gcc -o conftest -g -O2   conftest.c  >&5
configure:19408: $? = 0
configure:19408: result: yes
configure:19408: checking for posix_memalign
configure:19408: gcc -o conftest -g -O2   conftest.c  >&5
conftest.c:53:6: warning: conflicting types for built-in function 'posix_memalign' [-Wbuiltin-declaration-mismatch]
 char posix_memalign ();
      ^~~~~~~~~~~~~~
configure:19408: $? = 0
configure:19408: result: yes
configure:19422: checking for round
configure:19422: gcc -o conftest -g -O2   conftest.c  -lm >&5
conftest.c:54:6: warning: conflicting types for built-in function 'round' [-Wbuiltin-declaration-mismatch]
 char round ();
      ^~~~~
configure:19422: $? = 0
configure:19422: result: yes
configure:19449: checking for unistd.h
configure:19449: result: yes
configure:19449: checking sys/mman.h usability
configure:19449: gcc -c -g -O2  conftest.c >&5
configure:19449: $? = 0
configure:19449: result: yes
configure:19449: checking sys/mman.h presence
configure:19449: gcc -E  conftest.c
configure:19449: $? = 0
configure:19449: result: yes
configure:19449: checking for sys/mman.h
configure:19449: result: yes
configure:19449: checking xlocale.h usability
configure:19449: gcc -c -g -O2  conftest.c >&5
configure:19449: $? = 0
configure:19449: result: yes
configure:19449: checking xlocale.h presence
configure:19449: gcc -E  conftest.c
configure:19449: $? = 0
configure:19449: result: yes
configure:19449: checking for xlocale.h
configure:19449: result: yes
configure:19449: checking stdbool.h usability
configure:19449: gcc -c -g -O2  conftest.c >&5
configure:19449: $? = 0
configure:19449: result: yes
configure:19449: checking stdbool.h presence
configure:19449: gcc -E  conftest.c
configure:19449: $? = 0
configure:19449: result: yes
configure:19449: checking for stdbool.h
configure:19449: result: yes
configure:19464: checking alignment of struct{char;}
configure:19469: gcc -o conftest -g -O2   conftest.c  >&5
conftest.c:72:37: warning: declaration does not declare anything
 typedef struct { char x; struct{char;} y; } ac__type_alignof_;
                                     ^
configure:19469: $? = 0
configure:19469: ./conftest
configure:19469: $? = 0
configure:19487: result: 1
configure:19500: checking whether the linker accepts -Bsymbolic-functions
configure:19519: gcc -o conftest -g -O2    -Bsymbolic-functions conftest.c  >&5
configure:19519: $? = 0
configure:19528: result: yes
configure:19574: checking for native Win32
configure:19581: result: no
configure:19777: checking whether gcc is Clang
configure:19802: result: no
configure:19925: checking whether pthreads work with -pthread
configure:20019: gcc -o conftest -g -O2 -pthread   -Bsymbolic-functions conftest.c   >&5
configure:20019: $? = 0
configure:20028: result: yes
configure:20047: checking for joinable pthread attribute
configure:20065: gcc -o conftest -g -O2 -pthread   -Bsymbolic-functions conftest.c   >&5
configure:20065: $? = 0
configure:20073: result: PTHREAD_CREATE_JOINABLE
configure:20087: checking whether more special flags are required for pthreads
configure:20100: result: no
configure:20108: checking for PTHREAD_PRIO_INHERIT
configure:20124: gcc -o conftest -g -O2 -pthread   -Bsymbolic-functions conftest.c   >&5
configure:20124: $? = 0
configure:20133: result: yes
configure:20279: checking for GLIB
configure:20286: $PKG_CONFIG --exists --print-errors "$GLIB_DEPS"
configure:20289: $? = 0
configure:20303: $PKG_CONFIG --exists --print-errors "$GLIB_DEPS"
configure:20306: $? = 0
configure:20344: result: yes
configure:20497: checking for CAIRO
configure:20504: $PKG_CONFIG --exists --print-errors "cairo >= 1.8.0"
configure:20507: $? = 0
configure:20521: $PKG_CONFIG --exists --print-errors "cairo >= 1.8.0"
configure:20524: $? = 0
configure:20562: result: yes
configure:20588: checking for CAIRO_FT
configure:20595: $PKG_CONFIG --exists --print-errors "cairo-ft"
configure:20598: $? = 0
configure:20612: $PKG_CONFIG --exists --print-errors "cairo-ft"
configure:20615: $? = 0
configure:20653: result: yes
configure:20685: checking for FONTCONFIG
configure:20692: $PKG_CONFIG --exists --print-errors "fontconfig"
configure:20695: $? = 0
configure:20709: $PKG_CONFIG --exists --print-errors "fontconfig"
configure:20712: $? = 0
configure:20750: result: yes
configure:20785: checking for ICU
configure:20792: $PKG_CONFIG --exists --print-errors "icu-uc"
configure:20795: $? = 0
configure:20809: $PKG_CONFIG --exists --print-errors "icu-uc"
configure:20812: $? = 0
configure:20850: result: yes
configure:21161: checking for FREETYPE
configure:21168: $PKG_CONFIG --exists --print-errors "$FREETYPE_DEPS"
configure:21171: $? = 0
configure:21185: $PKG_CONFIG --exists --print-errors "$FREETYPE_DEPS"
configure:21188: $? = 0
configure:21226: result: yes
configure:21243: checking for FT_Get_Var_Blend_Coordinates
configure:21243: gcc -o conftest -g -O2   -Bsymbolic-functions conftest.c  -lfreetype >&5
/tmp/cc2ptpU2.o: In function `main':
/home/ladmin/dali-android/dali/dali-env/deps/libharfbuzz/conftest.c:81: undefined reference to `FT_Get_Var_Blend_Coordinates'
collect2: error: ld returned 1 exit status
configure:21243: $? = 1
configure: failed program was:
| /* confdefs.h */
| #define PACKAGE_NAME "HarfBuzz"
| #define PACKAGE_TARNAME "harfbuzz"
| #define PACKAGE_VERSION "2.4.0"
| #define PACKAGE_STRING "HarfBuzz 2.4.0"
| #define PACKAGE_BUGREPORT "https://github.com/harfbuzz/harfbuzz/issues/new"
| #define PACKAGE_URL "http://harfbuzz.org/"
| #define STDC_HEADERS 1
| #define HAVE_SYS_TYPES_H 1
| #define HAVE_SYS_STAT_H 1
| #define HAVE_STDLIB_H 1
| #define HAVE_STRING_H 1
| #define HAVE_MEMORY_H 1
| #define HAVE_STRINGS_H 1
| #define HAVE_INTTYPES_H 1
| #define HAVE_STDINT_H 1
| #define HAVE_UNISTD_H 1
| #define HAVE_DLFCN_H 1
| #define LT_OBJDIR ".libs/"
| #define HAVE_CXX11 1
| #define HAVE_ATEXIT 1
| #define HAVE_MPROTECT 1
| #define HAVE_SYSCONF 1
| #define HAVE_GETPAGESIZE 1
| #define HAVE_MMAP 1
| #define HAVE_ISATTY 1
| #define HAVE_NEWLOCALE 1
| #define HAVE_STRTOD_L 1
| #define HAVE_POSIX_MEMALIGN 1
| #define HAVE_ROUND 1
| #define HAVE_UNISTD_H 1
| #define HAVE_SYS_MMAN_H 1
| #define HAVE_XLOCALE_H 1
| #define HAVE_STDBOOL_H 1
| #define ALIGNOF_STRUCT_CHAR__ 1
| #define HAVE_PTHREAD_PRIO_INHERIT 1
| #define HAVE_PTHREAD 1
| #define HAVE_FALLBACK 1
| #define HAVE_GLIB 1
| #define HAVE_CAIRO 1
| #define HAVE_CAIRO_FT 1
| #define HAVE_FONTCONFIG 1
| #define HAVE_ICU 1
| #define HAVE_UCDN 1
| #define HAVE_FREETYPE 1
| /* end confdefs.h.  */
| /* Define FT_Get_Var_Blend_Coordinates to an innocuous variant, in case <limits.h> declares FT_Get_Var_Blend_Coordinates.
|    For example, HP-UX 11i <limits.h> declares gettimeofday.  */
| #define FT_Get_Var_Blend_Coordinates innocuous_FT_Get_Var_Blend_Coordinates
| 
| /* System header to define __stub macros and hopefully few prototypes,
|     which can conflict with char FT_Get_Var_Blend_Coordinates (); below.
|     Prefer <limits.h> to <assert.h> if __STDC__ is defined, since
|     <limits.h> exists even on freestanding compilers.  */
| 
| #ifdef __STDC__
| # include <limits.h>
| #else
| # include <assert.h>
| #endif
| 
| #undef FT_Get_Var_Blend_Coordinates
| 
| /* Override any GCC internal prototype to avoid an error.
|    Use char because int might match the return type of a GCC
|    builtin and then its argument prototype would still apply.  */
| #ifdef __cplusplus
| extern "C"
| #endif
| char FT_Get_Var_Blend_Coordinates ();
| /* The GNU C library defines this for functions which it implements
|     to always fail with ENOSYS.  Some functions are actually named
|     something starting with __ and the normal name is an alias.  */
| #if defined __stub_FT_Get_Var_Blend_Coordinates || defined __stub___FT_Get_Var_Blend_Coordinates
| choke me
| #endif
| 
| int
| main ()
| {
| return FT_Get_Var_Blend_Coordinates ();
|   ;
|   return 0;
| }
configure:21243: result: no
configure:21243: checking for FT_Set_Var_Blend_Coordinates
configure:21243: gcc -o conftest -g -O2   -Bsymbolic-functions conftest.c  -lfreetype >&5
configure:21243: $? = 0
configure:21243: result: yes
configure:21243: checking for FT_Done_MM_Var
configure:21243: gcc -o conftest -g -O2   -Bsymbolic-functions conftest.c  -lfreetype >&5
/tmp/ccD8dEO9.o: In function `main':
/home/ladmin/dali-android/dali/dali-env/deps/libharfbuzz/conftest.c:82: undefined reference to `FT_Done_MM_Var'
collect2: error: ld returned 1 exit status
configure:21243: $? = 1
configure: failed program was:
| /* confdefs.h */
| #define PACKAGE_NAME "HarfBuzz"
| #define PACKAGE_TARNAME "harfbuzz"
| #define PACKAGE_VERSION "2.4.0"
| #define PACKAGE_STRING "HarfBuzz 2.4.0"
| #define PACKAGE_BUGREPORT "https://github.com/harfbuzz/harfbuzz/issues/new"
| #define PACKAGE_URL "http://harfbuzz.org/"
| #define STDC_HEADERS 1
| #define HAVE_SYS_TYPES_H 1
| #define HAVE_SYS_STAT_H 1
| #define HAVE_STDLIB_H 1
| #define HAVE_STRING_H 1
| #define HAVE_MEMORY_H 1
| #define HAVE_STRINGS_H 1
| #define HAVE_INTTYPES_H 1
| #define HAVE_STDINT_H 1
| #define HAVE_UNISTD_H 1
| #define HAVE_DLFCN_H 1
| #define LT_OBJDIR ".libs/"
| #define HAVE_CXX11 1
| #define HAVE_ATEXIT 1
| #define HAVE_MPROTECT 1
| #define HAVE_SYSCONF 1
| #define HAVE_GETPAGESIZE 1
| #define HAVE_MMAP 1
| #define HAVE_ISATTY 1
| #define HAVE_NEWLOCALE 1
| #define HAVE_STRTOD_L 1
| #define HAVE_POSIX_MEMALIGN 1
| #define HAVE_ROUND 1
| #define HAVE_UNISTD_H 1
| #define HAVE_SYS_MMAN_H 1
| #define HAVE_XLOCALE_H 1
| #define HAVE_STDBOOL_H 1
| #define ALIGNOF_STRUCT_CHAR__ 1
| #define HAVE_PTHREAD_PRIO_INHERIT 1
| #define HAVE_PTHREAD 1
| #define HAVE_FALLBACK 1
| #define HAVE_GLIB 1
| #define HAVE_CAIRO 1
| #define HAVE_CAIRO_FT 1
| #define HAVE_FONTCONFIG 1
| #define HAVE_ICU 1
| #define HAVE_UCDN 1
| #define HAVE_FREETYPE 1
| #define HAVE_FT_SET_VAR_BLEND_COORDINATES 1
| /* end confdefs.h.  */
| /* Define FT_Done_MM_Var to an innocuous variant, in case <limits.h> declares FT_Done_MM_Var.
|    For example, HP-UX 11i <limits.h> declares gettimeofday.  */
| #define FT_Done_MM_Var innocuous_FT_Done_MM_Var
| 
| /* System header to define __stub macros and hopefully few prototypes,
|     which can conflict with char FT_Done_MM_Var (); below.
|     Prefer <limits.h> to <assert.h> if __STDC__ is defined, since
|     <limits.h> exists even on freestanding compilers.  */
| 
| #ifdef __STDC__
| # include <limits.h>
| #else
| # include <assert.h>
| #endif
| 
| #undef FT_Done_MM_Var
| 
| /* Override any GCC internal prototype to avoid an error.
|    Use char because int might match the return type of a GCC
|    builtin and then its argument prototype would still apply.  */
| #ifdef __cplusplus
| extern "C"
| #endif
| char FT_Done_MM_Var ();
| /* The GNU C library defines this for functions which it implements
|     to always fail with ENOSYS.  Some functions are actually named
|     something starting with __ and the normal name is an alias.  */
| #if defined __stub_FT_Done_MM_Var || defined __stub___FT_Done_MM_Var
| choke me
| #endif
| 
| int
| main ()
| {
| return FT_Done_MM_Var ();
|   ;
|   return 0;
| }
configure:21243: result: no
configure:21428: checking for Intel atomic primitives
configure:21451: gcc -o conftest -g -O2   -Bsymbolic-functions conftest.c  >&5
configure:21451: $? = 0
configure:21459: result: true
configure:21468: checking for Solaris atomic operations
configure:21493: gcc -o conftest -g -O2   -Bsymbolic-functions conftest.c  >&5
conftest.c:50:12: fatal error: atomic.h: No such file or directory
   #include <atomic.h>
            ^~~~~~~~~~
compilation terminated.
configure:21493: $? = 1
configure: failed program was:
| /* confdefs.h */
| #define PACKAGE_NAME "HarfBuzz"
| #define PACKAGE_TARNAME "harfbuzz"
| #define PACKAGE_VERSION "2.4.0"
| #define PACKAGE_STRING "HarfBuzz 2.4.0"
| #define PACKAGE_BUGREPORT "https://github.com/harfbuzz/harfbuzz/issues/new"
| #define PACKAGE_URL "http://harfbuzz.org/"
| #define STDC_HEADERS 1
| #define HAVE_SYS_TYPES_H 1
| #define HAVE_SYS_STAT_H 1
| #define HAVE_STDLIB_H 1
| #define HAVE_STRING_H 1
| #define HAVE_MEMORY_H 1
| #define HAVE_STRINGS_H 1
| #define HAVE_INTTYPES_H 1
| #define HAVE_STDINT_H 1
| #define HAVE_UNISTD_H 1
| #define HAVE_DLFCN_H 1
| #define LT_OBJDIR ".libs/"
| #define HAVE_CXX11 1
| #define HAVE_ATEXIT 1
| #define HAVE_MPROTECT 1
| #define HAVE_SYSCONF 1
| #define HAVE_GETPAGESIZE 1
| #define HAVE_MMAP 1
| #define HAVE_ISATTY 1
| #define HAVE_NEWLOCALE 1
| #define HAVE_STRTOD_L 1
| #define HAVE_POSIX_MEMALIGN 1
| #define HAVE_ROUND 1
| #define HAVE_UNISTD_H 1
| #define HAVE_SYS_MMAN_H 1
| #define HAVE_XLOCALE_H 1
| #define HAVE_STDBOOL_H 1
| #define ALIGNOF_STRUCT_CHAR__ 1
| #define HAVE_PTHREAD_PRIO_INHERIT 1
| #define HAVE_PTHREAD 1
| #define HAVE_FALLBACK 1
| #define HAVE_GLIB 1
| #define HAVE_CAIRO 1
| #define HAVE_CAIRO_FT 1
| #define HAVE_FONTCONFIG 1
| #define HAVE_ICU 1
| #define HAVE_UCDN 1
| #define HAVE_FREETYPE 1
| #define HAVE_FT_SET_VAR_BLEND_COORDINATES 1
| #define HAVE_INTEL_ATOMIC_PRIMITIVES 1
| /* end confdefs.h.  */
| 
| 		#include <atomic.h>
| 		/* This requires Solaris Studio 12.2 or newer: */
| 		#include <mbarrier.h>
| 		void memory_barrier (void) { __machine_rw_barrier (); }
| 		int atomic_add (volatile unsigned *i) { return atomic_add_int_nv (i, 1); }
| 		void *atomic_ptr_cmpxchg (volatile void **target, void *cmp, void *newval) { return atomic_cas_ptr (target, cmp, newval); }
| 
| int
| main ()
| {
| 
|   ;
|   return 0;
| }
configure:21501: result: false
configure:21695: checking that generated files are newer than configure
configure:21701: result: done
configure:21816: creating ./config.status

## ---------------------- ##
## Running config.status. ##
## ---------------------- ##

This file was extended by HarfBuzz config.status 2.4.0, which was
generated by GNU Autoconf 2.69.  Invocation command line was

  CONFIG_FILES    = 
  CONFIG_HEADERS  = 
  CONFIG_LINKS    = 
  CONFIG_COMMANDS = 
  $ ./config.status 

on NB-740

config.status:1385: creating Makefile
config.status:1385: creating src/Makefile
config.status:1385: creating src/harfbuzz-config.cmake
config.status:1385: creating src/hb-ucdn/Makefile
config.status:1385: creating util/Makefile
config.status:1385: creating test/Makefile
config.status:1385: creating test/api/Makefile
config.status:1385: creating test/fuzzing/Makefile
config.status:1385: creating test/shaping/Makefile
config.status:1385: creating test/shaping/data/Makefile
config.status:1385: creating test/shaping/data/aots/Makefile
config.status:1385: creating test/shaping/data/in-house/Makefile
config.status:1385: creating test/shaping/data/text-rendering-tests/Makefile
config.status:1385: creating test/subset/Makefile
config.status:1385: creating test/subset/data/Makefile
config.status:1385: creating docs/Makefile
config.status:1385: creating docs/version.xml
config.status:1385: creating config.h
config.status:1614: executing depfiles commands
config.status:1614: executing libtool commands
configure:24275:

Build configuration:

Unicode callbacks (you want at least one):
	Builtin (UCDN):		true
	Glib:			true
	ICU:			true

Font callbacks (the more the merrier):
	FreeType:		true

Tools used for command-line utilities:
	Cairo:			true
	Fontconfig:		true

Additional shapers (the more the merrier):
	Graphite2:		false

Platform shapers (not normally needed):
	CoreText:		false
	DirectWrite:		false
	Uniscribe:		false

Other features:
	Documentation:		
	GObject bindings:	false
	Introspection:		false


## ---------------- ##
## Cache variables. ##
## ---------------- ##

ac_cv_alignof_struct_char__=1
ac_cv_build=x86_64-pc-linux-gnu
ac_cv_c_compiler_gnu=yes
ac_cv_cxx_compiler_gnu=yes
ac_cv_env_CAIRO_CFLAGS_set=
ac_cv_env_CAIRO_CFLAGS_value=
ac_cv_env_CAIRO_FT_CFLAGS_set=
ac_cv_env_CAIRO_FT_CFLAGS_value=
ac_cv_env_CAIRO_FT_LIBS_set=
ac_cv_env_CAIRO_FT_LIBS_value=
ac_cv_env_CAIRO_LIBS_set=
ac_cv_env_CAIRO_LIBS_value=
ac_cv_env_CCC_set=
ac_cv_env_CCC_value=
ac_cv_env_CC_set=
ac_cv_env_CC_value=
ac_cv_env_CFLAGS_set=
ac_cv_env_CFLAGS_value=
ac_cv_env_CPPFLAGS_set=
ac_cv_env_CPPFLAGS_value=
ac_cv_env_CPP_set=
ac_cv_env_CPP_value=
ac_cv_env_CXXCPP_set=
ac_cv_env_CXXCPP_value=
ac_cv_env_CXXFLAGS_set=
ac_cv_env_CXXFLAGS_value=
ac_cv_env_CXX_set=
ac_cv_env_CXX_value=
ac_cv_env_FONTCONFIG_CFLAGS_set=
ac_cv_env_FONTCONFIG_CFLAGS_value=
ac_cv_env_FONTCONFIG_LIBS_set=
ac_cv_env_FONTCONFIG_LIBS_value=
ac_cv_env_FREETYPE_CFLAGS_set=
ac_cv_env_FREETYPE_CFLAGS_value=
ac_cv_env_FREETYPE_LIBS_set=
ac_cv_env_FREETYPE_LIBS_value=
ac_cv_env_GLIB_CFLAGS_set=
ac_cv_env_GLIB_CFLAGS_value=
ac_cv_env_GLIB_LIBS_set=
ac_cv_env_GLIB_LIBS_value=
ac_cv_env_GOBJECT_CFLAGS_set=
ac_cv_env_GOBJECT_CFLAGS_value=
ac_cv_env_GOBJECT_LIBS_set=
ac_cv_env_GOBJECT_LIBS_value=
ac_cv_env_GRAPHITE2_CFLAGS_set=
ac_cv_env_GRAPHITE2_CFLAGS_value=
ac_cv_env_GRAPHITE2_LIBS_set=
ac_cv_env_GRAPHITE2_LIBS_value=
ac_cv_env_ICU_CFLAGS_set=
ac_cv_env_ICU_CFLAGS_value=
ac_cv_env_ICU_LIBS_set=
ac_cv_env_ICU_LIBS_value=
ac_cv_env_LDFLAGS_set=
ac_cv_env_LDFLAGS_value=
ac_cv_env_LIBS_set=
ac_cv_env_LIBS_value=
ac_cv_env_LT_SYS_LIBRARY_PATH_set=
ac_cv_env_LT_SYS_LIBRARY_PATH_value=
ac_cv_env_PKG_CONFIG_LIBDIR_set=
ac_cv_env_PKG_CONFIG_LIBDIR_value=
ac_cv_env_PKG_CONFIG_PATH_set=
ac_cv_env_PKG_CONFIG_PATH_value=
ac_cv_env_PKG_CONFIG_set=
ac_cv_env_PKG_CONFIG_value=
ac_cv_env_build_alias_set=
ac_cv_env_build_alias_value=
ac_cv_env_host_alias_set=
ac_cv_env_host_alias_value=
ac_cv_env_target_alias_set=
ac_cv_env_target_alias_value=
ac_cv_func_FT_Done_MM_Var=no
ac_cv_func_FT_Get_Var_Blend_Coordinates=no
ac_cv_func_FT_Set_Var_Blend_Coordinates=yes
ac_cv_func_atexit=yes
ac_cv_func_getpagesize=yes
ac_cv_func_isatty=yes
ac_cv_func_mmap=yes
ac_cv_func_mprotect=yes
ac_cv_func_newlocale=yes
ac_cv_func_posix_memalign=yes
ac_cv_func_round=yes
ac_cv_func_strtod_l=yes
ac_cv_func_sysconf=yes
ac_cv_header_dlfcn_h=yes
ac_cv_header_inttypes_h=yes
ac_cv_header_memory_h=yes
ac_cv_header_stdbool_h=yes
ac_cv_header_stdc=yes
ac_cv_header_stdint_h=yes
ac_cv_header_stdlib_h=yes
ac_cv_header_string_h=yes
ac_cv_header_strings_h=yes
ac_cv_header_sys_mman_h=yes
ac_cv_header_sys_stat_h=yes
ac_cv_header_sys_types_h=yes
ac_cv_header_unistd_h=yes
ac_cv_header_xlocale_h=yes
ac_cv_host=x86_64-pc-linux-gnu
ac_cv_objext=o
ac_cv_path_EGREP='/bin/grep -E'
ac_cv_path_FGREP='/bin/grep -F'
ac_cv_path_GREP=/bin/grep
ac_cv_path_SED=/bin/sed
ac_cv_path_ac_pt_PKG_CONFIG=/usr/bin/pkg-config
ac_cv_path_install='/usr/bin/install -c'
ac_cv_path_lt_DD=/bin/dd
ac_cv_path_mkdir=/bin/mkdir
ac_cv_prog_AWK=gawk
ac_cv_prog_CPP='gcc -E'
ac_cv_prog_CXXCPP='g++ -E'
ac_cv_prog_ac_ct_AR=ar
ac_cv_prog_ac_ct_CC=gcc
ac_cv_prog_ac_ct_CXX=g++
ac_cv_prog_ac_ct_MANIFEST_TOOL=mt
ac_cv_prog_ac_ct_OBJDUMP=objdump
ac_cv_prog_ac_ct_RANLIB=ranlib
ac_cv_prog_ac_ct_STRIP=strip
ac_cv_prog_cc_c89=
ac_cv_prog_cc_c99=
ac_cv_prog_cc_g=yes
ac_cv_prog_cxx_g=yes
ac_cv_prog_make_make_set=yes
ac_cv_sys_file_offset_bits=no
ac_cv_sys_largefile_CC=no
am_cv_CC_dependencies_compiler_type=gcc3
am_cv_CXX_dependencies_compiler_type=gcc3
am_cv_ar_interface=ar
am_cv_make_support_nested_variables=yes
am_cv_prog_cc_c_o=yes
am_cv_prog_tar_ustar=gnutar
ax_cv_PTHREAD_CLANG=no
ax_cv_PTHREAD_JOINABLE_ATTR=PTHREAD_CREATE_JOINABLE
ax_cv_PTHREAD_PRIO_INHERIT=yes
ax_cv_PTHREAD_SPECIAL_FLAGS=no
ax_cv_check_ldflags___Bsymbolic_functions=yes
ax_cv_cxx_compile_cxx11=yes
hb_cv_have_intel_atomic_primitives=true
hb_cv_have_solaris_atomic_ops=false
lt_cv_ar_at_file=@
lt_cv_archive_cmds_need_lc=no
lt_cv_deplibs_check_method=pass_all
lt_cv_file_magic_cmd='$MAGIC_CMD'
lt_cv_file_magic_test_file=
lt_cv_ld_reload_flag=-r
lt_cv_nm_interface='BSD nm'
lt_cv_objdir=.libs
lt_cv_path_LD=/usr/bin/ld
lt_cv_path_LDCXX='/usr/bin/ld -m elf_x86_64'
lt_cv_path_NM='/usr/bin/nm -B'
lt_cv_path_mainfest_tool=no
lt_cv_prog_compiler_c_o=yes
lt_cv_prog_compiler_c_o_CXX=yes
lt_cv_prog_compiler_pic='-fPIC -DPIC'
lt_cv_prog_compiler_pic_CXX='-fPIC -DPIC'
lt_cv_prog_compiler_pic_works=yes
lt_cv_prog_compiler_pic_works_CXX=yes
lt_cv_prog_compiler_rtti_exceptions=no
lt_cv_prog_compiler_static_works=yes
lt_cv_prog_compiler_static_works_CXX=yes
lt_cv_prog_gnu_ld=yes
lt_cv_prog_gnu_ldcxx=yes
lt_cv_sharedlib_from_linklib_cmd='printf %s\n'
lt_cv_shlibpath_overrides_runpath=no
lt_cv_sys_global_symbol_pipe='sed -n -e '\''s/^.*[	 ]\([ABCDGIRSTW][ABCDGIRSTW]*\)[	 ][	 ]*\([_A-Za-z][_A-Za-z0-9]*\)$/\1 \2 \2/p'\'' | sed '\''/ __gnu_lto/d'\'''
lt_cv_sys_global_symbol_to_c_name_address='sed -n -e '\''s/^: \(.*\) .*$/  {"\1", (void *) 0},/p'\'' -e '\''s/^[ABCDGIRSTW][ABCDGIRSTW]* .* \(.*\)$/  {"\1", (void *) \&\1},/p'\'''
lt_cv_sys_global_symbol_to_c_name_address_lib_prefix='sed -n -e '\''s/^: \(.*\) .*$/  {"\1", (void *) 0},/p'\'' -e '\''s/^[ABCDGIRSTW][ABCDGIRSTW]* .* \(lib.*\)$/  {"\1", (void *) \&\1},/p'\'' -e '\''s/^[ABCDGIRSTW][ABCDGIRSTW]* .* \(.*\)$/  {"lib\1", (void *) \&\1},/p'\'''
lt_cv_sys_global_symbol_to_cdecl='sed -n -e '\''s/^T .* \(.*\)$/extern int \1();/p'\'' -e '\''s/^[ABCDGIRSTW][ABCDGIRSTW]* .* \(.*\)$/extern char \1;/p'\'''
lt_cv_sys_global_symbol_to_import=
lt_cv_sys_max_cmd_len=1572864
lt_cv_to_host_file_cmd=func_convert_file_noop
lt_cv_to_tool_file_cmd=func_convert_file_noop
lt_cv_truncate_bin='/bin/dd bs=4096 count=1'
pkg_cv_CAIRO_CFLAGS='-I/usr/include/cairo -I/usr/include/glib-2.0 -I/usr/lib/x86_64-linux-gnu/glib-2.0/include -I/usr/include/pixman-1 -I/usr/include/freetype2 -I/usr/include/libpng12'
pkg_cv_CAIRO_FT_CFLAGS='-I/usr/include/cairo -I/usr/include/glib-2.0 -I/usr/lib/x86_64-linux-gnu/glib-2.0/include -I/usr/include/pixman-1 -I/usr/include/freetype2 -I/usr/include/libpng12 -I/usr/include/freetype2'
pkg_cv_CAIRO_FT_LIBS='-lcairo -lfreetype'
pkg_cv_CAIRO_LIBS=-lcairo
pkg_cv_FONTCONFIG_CFLAGS=-I/usr/include/freetype2
pkg_cv_FONTCONFIG_LIBS='-lfontconfig -lfreetype'
pkg_cv_FREETYPE_CFLAGS=-I/usr/include/freetype2
pkg_cv_FREETYPE_LIBS=-lfreetype
pkg_cv_GLIB_CFLAGS='-I/usr/include/glib-2.0 -I/usr/lib/x86_64-linux-gnu/glib-2.0/include'
pkg_cv_GLIB_LIBS=-lglib-2.0
pkg_cv_ICU_CFLAGS=-I/usr/include/x86_64-linux-gnu
pkg_cv_ICU_LIBS='-licuuc -licudata'

## ----------------- ##
## Output variables. ##
## ----------------- ##














	@echo "Need to reconfigure with --enable-code-coverage"
	@echo "Need to reconfigure with --enable-code-coverage"
 $(CODE_COVERAGE_IGNORE_PATTERN);
 $(CODE_COVERAGE_OUTPUT_FILE);
#
#
#    $(PACKAGE_NAME)-$(PACKAGE_VERSION)-coverage)
#    $(PACKAGE_NAME)-$(PACKAGE_VERSION)-coverage.info)
#    (Default: $(top_builddir))
#    (Default: empty)
#    Multiple directories may be specified, separated by whitespace.
#    by lcov for code coverage. (Default:
#    collecting lcov instance. (Default: $CODE_COVERAGE_LCOV_OPTIONS_GCOVPATH)
#    genhtml instance. (Default: based on $CODE_COVERAGE_BRANCH_COVERAGE)
#    instance. (Default: $CODE_COVERAGE_GENHTML_OPTIONS_DEFAULT)
#    instance. (Default: $CODE_COVERAGE_LCOV_OPTIONS_DEFAULT)
#    instance. (Default: $CODE_COVERAGE_LCOV_RMOPTS_DEFAULT)
#    instances. (Default: $CODE_COVERAGE_LCOV_SHOPTS_DEFAULT)
#    instances. (Default: based on $CODE_COVERAGE_BRANCH_COVERAGE)
#    lcov instance. (Default: empty)
#    reports to be created. (Default:
#    set to 0 to disable it and leave empty to stay with the default.
#  - CODE_COVERAGE_BRANCH_COVERAGE: Set to 1 to enforce branch coverage,
#  - CODE_COVERAGE_DIRECTORY: Top-level directory for code coverage reporting.
#  - CODE_COVERAGE_GENHTML_OPTIONS: Extra options to pass to the genhtml
#  - CODE_COVERAGE_GENHTML_OPTIONS_DEFAULT: Extra options to pass to the
#  - CODE_COVERAGE_IGNORE_PATTERN: Extra glob pattern of files to ignore
#  - CODE_COVERAGE_LCOV_OPTIONS: Extra options to pass to the collecting lcov
#  - CODE_COVERAGE_LCOV_OPTIONS_DEFAULT: Extra options to pass to the
#  - CODE_COVERAGE_LCOV_OPTIONS_GCOVPATH: --gcov-tool pathtogcov
#  - CODE_COVERAGE_LCOV_RMOPTS: Extra options to pass to the filtering lcov
#  - CODE_COVERAGE_LCOV_RMOPTS_DEFAULT: Extra options to pass to the filtering
#  - CODE_COVERAGE_LCOV_SHOPTS: Extra options to shared between both lcov
#  - CODE_COVERAGE_LCOV_SHOPTS_DEFAULT: Extra options shared between both lcov
#  - CODE_COVERAGE_OUTPUT_DIRECTORY: Directory for generated code coverage
#  - CODE_COVERAGE_OUTPUT_FILE: Filename and path for the .info file generated
# $(PACKAGE_VERSION). In order to add the current git hash to the title,
# Capture code coverage data
# Code coverage
# Hook rule executed before code-coverage-capture, overridable by the user
# Optional variables
# Optional:
# The generated report will be titled using the $(PACKAGE_NAME) and
# Use recursive makes in order to ignore errors during check
# sanitizes the test-name: replaces with underscores: dashes and dots
# use the git-version-gen script, available online.
$(if $(CODE_COVERAGE_BRANCH_COVERAGE),\
'
--rc genhtml_branch_coverage=$(CODE_COVERAGE_BRANCH_COVERAGE))
--rc lcov_branch_coverage=$(CODE_COVERAGE_BRANCH_COVERAGE))
.PHONY: check-code-coverage code-coverage-capture code-coverage-capture-hook code-coverage-clean
ACLOCAL='${SHELL} /home/ladmin/dali-android/dali/dali-env/deps/libharfbuzz/missing aclocal-1.15'
AMDEPBACKSLASH='\'
AMDEP_FALSE='#'
AMDEP_TRUE=''
AMTAR='$${TAR-tar}'
AM_BACKSLASH='\'
AM_DEFAULT_V='$(AM_DEFAULT_VERBOSITY)'
AM_DEFAULT_VERBOSITY='0'
AM_DISTCHECK_CONFIGURE_FLAGS += --disable-code-coverage
AM_DISTCHECK_CONFIGURE_FLAGS ?=
AM_V='$(V)'
AR='ar'
AUTOCONF='${SHELL} /home/ladmin/dali-android/dali/dali-env/deps/libharfbuzz/missing autoconf'
AUTOHEADER='${SHELL} /home/ladmin/dali-android/dali/dali-env/deps/libharfbuzz/missing autoheader'
AUTOMAKE='${SHELL} /home/ladmin/dali-android/dali/dali-env/deps/libharfbuzz/missing automake-1.15'
AWK='gawk'
CAIRO_CFLAGS='-I/usr/include/cairo -I/usr/include/glib-2.0 -I/usr/lib/x86_64-linux-gnu/glib-2.0/include -I/usr/include/pixman-1 -I/usr/include/freetype2 -I/usr/include/libpng12'
CAIRO_FT_CFLAGS='-I/usr/include/cairo -I/usr/include/glib-2.0 -I/usr/lib/x86_64-linux-gnu/glib-2.0/include -I/usr/include/pixman-1 -I/usr/include/freetype2 -I/usr/include/libpng12 -I/usr/include/freetype2'
CAIRO_FT_LIBS='-lcairo -lfreetype'
CAIRO_LIBS='-lcairo'
CC='gcc'
CCDEPMODE='depmode=gcc3'
CFLAGS='-g -O2'
CODE_COVERAGE_BRANCH_COVERAGE ?=
CODE_COVERAGE_CFLAGS=''
CODE_COVERAGE_CPPFLAGS=''
CODE_COVERAGE_CXXFLAGS=''
CODE_COVERAGE_DIRECTORY ?= $(top_builddir)
CODE_COVERAGE_ENABLED='no'
CODE_COVERAGE_ENABLED_FALSE=''
CODE_COVERAGE_ENABLED_TRUE='#'
CODE_COVERAGE_GENHTML_OPTIONS ?= $(CODE_COVERAGE_GENHTML_OPTIONS_DEFAULT)
CODE_COVERAGE_GENHTML_OPTIONS_DEFAULT ?=\
CODE_COVERAGE_IGNORE_PATTERN ?=
CODE_COVERAGE_LCOV_OPTIONS ?= $(CODE_COVERAGE_LCOV_OPTIONS_DEFAULT)
CODE_COVERAGE_LCOV_OPTIONS_DEFAULT ?= $(CODE_COVERAGE_LCOV_OPTIONS_GCOVPATH)
CODE_COVERAGE_LCOV_OPTIONS_GCOVPATH ?= --gcov-tool "$(GCOV)"
CODE_COVERAGE_LCOV_RMOPTS ?= $(CODE_COVERAGE_LCOV_RMOPTS_DEFAULT)
CODE_COVERAGE_LCOV_RMOPTS_DEFAULT ?=
CODE_COVERAGE_LCOV_SHOPTS ?= $(CODE_COVERAGE_LCOV_SHOPTS_DEFAULT)
CODE_COVERAGE_LCOV_SHOPTS_DEFAULT ?= $(if $(CODE_COVERAGE_BRANCH_COVERAGE),\
CODE_COVERAGE_LDFLAGS=''
CODE_COVERAGE_LIBS=''
CODE_COVERAGE_OUTPUT_DIRECTORY ?= $(PACKAGE_NAME)-$(PACKAGE_VERSION)-coverage
CODE_COVERAGE_OUTPUT_FILE ?= $(PACKAGE_NAME)-$(PACKAGE_VERSION)-coverage.info
CODE_COVERAGE_RULES='
CORETEXT_CFLAGS=''
CORETEXT_LIBS=''
CPP='gcc -E'
CPPFLAGS=''
CXX='g++'
CXXCPP='g++ -E'
CXXDEPMODE='depmode=gcc3'
CXXFLAGS='-fno-rtti -g -O2 -fno-exceptions -fno-threadsafe-statics -fvisibility-inlines-hidden --std=c++0x'
CYGPATH_W='echo'
DEFS='-DHAVE_CONFIG_H'
DEPDIR='.deps'
DIRECTWRITE_CXXFLAGS=''
DIRECTWRITE_LIBS=''
DLLTOOL='false'
DSYMUTIL=''
DUMPBIN=''
ECHO_C=''
ECHO_N='-n'
ECHO_T=''
EGREP='/bin/grep -E'
ENABLE_GTK_DOC_FALSE=''
ENABLE_GTK_DOC_TRUE='#'
EXEEXT=''
FGREP='/bin/grep -F'
FONTCONFIG_CFLAGS='-I/usr/include/freetype2'
FONTCONFIG_LIBS='-lfontconfig -lfreetype'
FREETYPE_CFLAGS='-I/usr/include/freetype2'
FREETYPE_DEPS='freetype2 >= 12.0.6'
FREETYPE_LIBS='-lfreetype'
GCOV=''
GENHTML=''
GIT='${SHELL} /home/ladmin/dali-android/dali/dali-env/deps/libharfbuzz/missing git'
GITIGNOREFILES += $(CODE_COVERAGE_OUTPUT_FILE) $(CODE_COVERAGE_OUTPUT_DIRECTORY)
GITIGNOREFILES ?=
GLIB_CFLAGS='-I/usr/include/glib-2.0 -I/usr/lib/x86_64-linux-gnu/glib-2.0/include'
GLIB_DEPS='glib-2.0 >= 2.19.1'
GLIB_LIBS='-lglib-2.0'
GLIB_MKENUMS=''
GOBJECT_CFLAGS=''
GOBJECT_LIBS=''
GRAPHITE2_CFLAGS=''
GRAPHITE2_DEPS='graphite2 >= 1.2.0'
GRAPHITE2_LIBS=''
GREP='/bin/grep'
HAVE_CAIRO_FALSE='#'
HAVE_CAIRO_FT_FALSE='#'
HAVE_CAIRO_FT_TRUE=''
HAVE_CAIRO_TRUE=''
HAVE_CORETEXT_FALSE=''
HAVE_CORETEXT_TRUE='#'
HAVE_CXX11='1'
HAVE_DIRECTWRITE_FALSE=''
HAVE_DIRECTWRITE_TRUE='#'
HAVE_FALLBACK_FALSE='#'
HAVE_FALLBACK_TRUE=''
HAVE_FONTCONFIG_FALSE='#'
HAVE_FONTCONFIG_TRUE=''
HAVE_FREETYPE_FALSE='#'
HAVE_FREETYPE_TRUE=''
HAVE_GCC_FALSE='#'
HAVE_GCC_TRUE=''
HAVE_GLIB_FALSE='#'
HAVE_GLIB_TRUE=''
HAVE_GOBJECT_FALSE=''
HAVE_GOBJECT_TRUE='#'
HAVE_GRAPHITE2_FALSE=''
HAVE_GRAPHITE2_TRUE='#'
HAVE_ICU_BUILTIN_FALSE=''
HAVE_ICU_BUILTIN_TRUE='#'
HAVE_ICU_FALSE='#'
HAVE_ICU_TRUE=''
HAVE_INTROSPECTION_FALSE=''
HAVE_INTROSPECTION_TRUE='#'
HAVE_PTHREAD_FALSE='#'
HAVE_PTHREAD_TRUE=''
HAVE_UCDN_FALSE='#'
HAVE_UCDN_TRUE=''
HAVE_UNISCRIBE_FALSE=''
HAVE_UNISCRIBE_TRUE='#'
HB_LIBTOOL_VERSION_INFO='20400:0:20400'
HB_VERSION='2.4.0'
HB_VERSION_MAJOR='2'
HB_VERSION_MICRO='0'
HB_VERSION_MINOR='4'
ICU_CFLAGS='-I/usr/include/x86_64-linux-gnu'
ICU_CONFIG=''
ICU_LIBS='-licuuc -licudata'
INSTALL_DATA='${INSTALL} -m 644'
INSTALL_PROGRAM='${INSTALL}'
INSTALL_SCRIPT='${INSTALL}'
INSTALL_STRIP_PROGRAM='$(install_sh) -c -s'
LCOV=''
LD='/usr/bin/ld -m elf_x86_64'
LDFLAGS=' -Bsymbolic-functions'
LIBOBJS=''
LIBS=''
LIBTOOL='$(SHELL) $(top_builddir)/libtool'
LIPO=''
LN_S='ln -s'
LTLIBOBJS=''
LT_SYS_LIBRARY_PATH=''
MAKEINFO='${SHELL} /home/ladmin/dali-android/dali/dali-env/deps/libharfbuzz/missing makeinfo'
MANIFEST_TOOL=':'
MKDIR_P='/bin/mkdir -p'
NM='/usr/bin/nm -B'
NMEDIT=''
OBJDUMP='objdump'
OBJEXT='o'
OS_WIN32_FALSE=''
OS_WIN32_TRUE='#'
OTOOL64=''
OTOOL=''
PACKAGE='harfbuzz'
PACKAGE_BUGREPORT='https://github.com/harfbuzz/harfbuzz/issues/new'
PACKAGE_NAME='HarfBuzz'
PACKAGE_STRING='HarfBuzz 2.4.0'
PACKAGE_TARNAME='harfbuzz'
PACKAGE_URL='http://harfbuzz.org/'
PACKAGE_VERSION='2.4.0'
PATH_SEPARATOR=':'
PKG_CONFIG='/usr/bin/pkg-config'
PKG_CONFIG_LIBDIR=''
PKG_CONFIG_PATH=''
PTHREAD_CC='gcc'
PTHREAD_CFLAGS='-pthread'
PTHREAD_LIBS=''
RAGEL='${SHELL} /home/ladmin/dali-android/dali/dali-env/deps/libharfbuzz/missing ragel'
RANLIB='ranlib'
SED='/bin/sed'
SET_MAKE=''
SHELL='/bin/bash'
STRIP='strip'
UNISCRIBE_CFLAGS=''
UNISCRIBE_LIBS=''
VERSION='2.4.0'
WITH_LIBSTDCXX_FALSE=''
WITH_LIBSTDCXX_TRUE='#'
ac_ct_AR='ar'
ac_ct_CC='gcc'
ac_ct_CXX='g++'
ac_ct_DUMPBIN=''
am__EXEEXT_FALSE=''
am__EXEEXT_TRUE='#'
am__fastdepCC_FALSE='#'
am__fastdepCC_TRUE=''
am__fastdepCXX_FALSE='#'
am__fastdepCXX_TRUE=''
am__include='include'
am__isrc=''
am__leading_dot='.'
am__nodep='_no'
am__quote=''
am__tar='tar --format=ustar -chf - "$$tardir"'
am__untar='tar -xf -'
ax_pthread_config=''
bindir='${exec_prefix}/bin'
build='x86_64-pc-linux-gnu'
build_alias=''
build_cpu='x86_64'
build_os='linux-gnu'
build_vendor='pc'
check-code-coverage:
code-coverage-capture-hook:
code-coverage-capture: code-coverage-capture-hook
code_coverage_quiet = $(code_coverage_quiet_$(V))
code_coverage_quiet_ = $(code_coverage_quiet_$(AM_DEFAULT_VERBOSITY))
code_coverage_quiet_0 = --quiet
code_coverage_sanitize = $(subst -,_,$(subst .,_,$(1)))
code_coverage_v_genhtml = $(code_coverage_v_genhtml_$(V))
code_coverage_v_genhtml_ = $(code_coverage_v_genhtml_$(AM_DEFAULT_VERBOSITY))
code_coverage_v_genhtml_0 = @echo "  GEN   " $(CODE_COVERAGE_OUTPUT_DIRECTORY);
code_coverage_v_lcov_cap = $(code_coverage_v_lcov_cap_$(V))
code_coverage_v_lcov_cap_ = $(code_coverage_v_lcov_cap_$(AM_DEFAULT_VERBOSITY))
code_coverage_v_lcov_cap_0 = @echo "  LCOV   --capture"\
code_coverage_v_lcov_ign = $(code_coverage_v_lcov_ign_$(V))
code_coverage_v_lcov_ign_ = $(code_coverage_v_lcov_ign_$(AM_DEFAULT_VERBOSITY))
code_coverage_v_lcov_ign_0 = @echo "  LCOV   --remove /tmp/*"\
datadir='${datarootdir}'
datarootdir='${prefix}/share'
docdir='${datarootdir}/doc/${PACKAGE_TARNAME}'
dvidir='${docdir}'
exec_prefix='${prefix}'
have_gobject='false'
host='x86_64-pc-linux-gnu'
host_alias=''
host_cpu='x86_64'
host_os='linux-gnu'
host_vendor='pc'
htmldir='${docdir}'
includedir='${prefix}/include'
infodir='${datarootdir}/info'
install_sh='${SHELL} /home/ladmin/dali-android/dali/dali-env/deps/libharfbuzz/install-sh'
libdir='${exec_prefix}/lib'
libexecdir='${exec_prefix}/libexec'
localedir='${datarootdir}/locale'
localstatedir='${prefix}/var'
mandir='${datarootdir}/man'
mkdir_p='$(MKDIR_P)'
oldincludedir='/usr/include'
pdfdir='${docdir}'
prefix='/usr/local'
program_transform_name='s,x,x,'
psdir='${docdir}'
runstatedir='${localstatedir}/run'
sbindir='${exec_prefix}/sbin'
sharedstatedir='${prefix}/com'
sysconfdir='${prefix}/etc'
target_alias=''

## ----------- ##
## confdefs.h. ##
## ----------- ##

/* confdefs.h */
#define PACKAGE_NAME "HarfBuzz"
#define PACKAGE_TARNAME "harfbuzz"
#define PACKAGE_VERSION "2.4.0"
#define PACKAGE_STRING "HarfBuzz 2.4.0"
#define PACKAGE_BUGREPORT "https://github.com/harfbuzz/harfbuzz/issues/new"
#define PACKAGE_URL "http://harfbuzz.org/"
#define STDC_HEADERS 1
#define HAVE_SYS_TYPES_H 1
#define HAVE_SYS_STAT_H 1
#define HAVE_STDLIB_H 1
#define HAVE_STRING_H 1
#define HAVE_MEMORY_H 1
#define HAVE_STRINGS_H 1
#define HAVE_INTTYPES_H 1
#define HAVE_STDINT_H 1
#define HAVE_UNISTD_H 1
#define HAVE_DLFCN_H 1
#define LT_OBJDIR ".libs/"
#define HAVE_CXX11 1
#define HAVE_ATEXIT 1
#define HAVE_MPROTECT 1
#define HAVE_SYSCONF 1
#define HAVE_GETPAGESIZE 1
#define HAVE_MMAP 1
#define HAVE_ISATTY 1
#define HAVE_NEWLOCALE 1
#define HAVE_STRTOD_L 1
#define HAVE_POSIX_MEMALIGN 1
#define HAVE_ROUND 1
#define HAVE_UNISTD_H 1
#define HAVE_SYS_MMAN_H 1
#define HAVE_XLOCALE_H 1
#define HAVE_STDBOOL_H 1
#define ALIGNOF_STRUCT_CHAR__ 1
#define HAVE_PTHREAD_PRIO_INHERIT 1
#define HAVE_PTHREAD 1
#define HAVE_FALLBACK 1
#define HAVE_GLIB 1
#define HAVE_CAIRO 1
#define HAVE_CAIRO_FT 1
#define HAVE_FONTCONFIG 1
#define HAVE_ICU 1
#define HAVE_UCDN 1
#define HAVE_FREETYPE 1
#define HAVE_FT_SET_VAR_BLEND_COORDINATES 1
#define HAVE_INTEL_ATOMIC_PRIMITIVES 1

configure: exit 0
